<?xml version="1.0" encoding="UTF-8"?>
<testng-results skipped="0" failed="0" ignored="1" total="4" passed="3">
  <reporter-output>
  </reporter-output>
  <suite name="Suitename" duration-ms="44917" started-at="2018-05-24T11:50:44Z" finished-at="2018-05-24T11:51:29Z">
    <groups>
    </groups>
    <test name="sanity1" duration-ms="25882" started-at="2018-05-24T11:50:44Z" finished-at="2018-05-24T11:51:10Z">
      <class name="Repository.Test_Execution">
        <test-method status="PASS" signature="verify_launch(java.lang.String)[pri:0, instance:Repository.Test_Execution@4678c730]" name="verify_launch" is-config="true" duration-ms="22253" started-at="2018-05-24T17:20:44Z" finished-at="2018-05-24T17:21:06Z">
          <params>
            <param index="0">
              <value>
                <![CDATA[firefox]]>
              </value>
            </param>
          </params>
          <reporter-output>
          </reporter-output>
        </test-method> <!-- verify_launch -->
        <test-method status="PASS" signature="verify_login()[pri:0, instance:Repository.Test_Execution@4678c730]" name="verify_login" duration-ms="3583" started-at="2018-05-24T17:21:06Z" finished-at="2018-05-24T17:21:10Z">
          <reporter-output>
          </reporter-output>
        </test-method> <!-- verify_login -->
      </class> <!-- Repository.Test_Execution -->
    </test> <!-- sanity1 -->
    <test name="sanity2" duration-ms="44917" started-at="2018-05-24T11:50:44Z" finished-at="2018-05-24T11:51:29Z">
      <class name="Repository.Test_Execution">
        <test-method status="PASS" signature="verify_launch(java.lang.String)[pri:0, instance:Repository.Test_Execution@6f7fd0e6]" name="verify_launch" is-config="true" duration-ms="10285" started-at="2018-05-24T17:20:44Z" finished-at="2018-05-24T17:20:54Z">
          <params>
            <param index="0">
              <value>
                <![CDATA[chrome]]>
              </value>
            </param>
          </params>
          <reporter-output>
          </reporter-output>
        </test-method> <!-- verify_launch -->
        <test-method status="PASS" signature="verify_login()[pri:0, instance:Repository.Test_Execution@6f7fd0e6]" name="verify_login" duration-ms="3625" started-at="2018-05-24T17:20:54Z" finished-at="2018-05-24T17:20:58Z">
          <reporter-output>
          </reporter-output>
        </test-method> <!-- verify_login -->
        <test-method status="PASS" signature="verify_table()[pri:1, instance:Repository.Test_Execution@6f7fd0e6]" name="verify_table" duration-ms="30952" started-at="2018-05-24T17:20:58Z" finished-at="2018-05-24T17:21:29Z">
          <reporter-output>
          </reporter-output>
        </test-method> <!-- verify_table -->
      </class> <!-- Repository.Test_Execution -->
    </test> <!-- sanity2 -->
  </suite> <!-- Suitename -->
</testng-results>
