<?xml version="1.0" encoding="UTF-8"?>
<!-- Generated by org.testng.reporters.JUnitXMLReporter -->
<testsuite hostname="somashekarviloh" ignored="1" name="sanity1" tests="1" failures="0" timestamp="24 May 2018 11:51:10 GMT" time="25.882" errors="0">
  <testcase name="verify_login" time="3.583" classname="Repository.Test_Execution"/>
  <testcase name="verify_table" time="0.0" classname="Repository.Test_Execution">
    <ignored/>
  </testcase> <!-- verify_table -->
</testsuite> <!-- sanity1 -->
